
-----
Test: tests/test_create_delivery_order.py::test_full_order (call)
Start time: 2025-02-19 21:43:34.784474
Start name method: auth

End time: 2025-02-19 21:43:45.809978
End name method: auth
URL: https://lenta-angular-test13.dev.lenta.tech/

-----

-----
Test: tests/test_create_delivery_order.py::test_full_order (call)
Start time: 2025-02-19 21:43:45.810973
Start name method: choose_delivery

End time: 2025-02-19 21:43:45.956562
End name method: choose_delivery
URL: https://lenta-angular-test13.dev.lenta.tech/

-----

-----
Test: tests/test_create_delivery_order.py::test_full_order (call)
Start time: 2025-02-19 21:43:45.957583
Start name method: add_to_cart_favorite

End time: 2025-02-19 21:43:51.802726
End name method: add_to_cart_favorite
URL: https://lenta-angular-test13.dev.lenta.tech/my-account/favorites/

-----

-----
Test: tests/test_create_delivery_order.py::test_full_order (call)
Start time: 2025-02-19 21:43:51.803778
Start name method: complete_order

