
-----
Test: tests/test_create_delivery_order.py::test_full_order (call)
Start time: 2025-02-20 00:08:38.250701
Start name method: auth

End time: 2025-02-20 00:08:51.939389
End name method: auth
URL: https://lenta-angular-test13.dev.lenta.tech/

-----

-----
Test: tests/test_create_delivery_order.py::test_full_order (call)
Start time: 2025-02-20 00:08:51.939389
Start name method: choose_delivery

End time: 2025-02-20 00:08:52.424907
End name method: choose_delivery
URL: https://lenta-angular-test13.dev.lenta.tech/

-----

-----
Test: tests/test_create_delivery_order.py::test_full_order (call)
Start time: 2025-02-20 00:08:52.431604
Start name method: add_to_cart_favorite

End time: 2025-02-20 00:09:01.552904
End name method: add_to_cart_favorite
URL: https://lenta-angular-test13.dev.lenta.tech/my-account/favorites/

-----

-----
Test: tests/test_create_delivery_order.py::test_full_order (call)
Start time: 2025-02-20 00:09:01.558237
Start name method: complete_order

