
-----
Test: tests/test_create_delivery_order.py::test_full_order (call)
Start time: 2025-02-24 14:13:55.484149
Start name method: auth

End time: 2025-02-24 14:14:08.542305
End name method: auth
URL: https://lenta-angular-test13.dev.lenta.tech/

-----

-----
Test: tests/test_create_delivery_order.py::test_full_order (call)
Start time: 2025-02-24 14:14:08.542305
Start name method: choose_delivery

End time: 2025-02-24 14:14:08.810852
End name method: choose_delivery
URL: https://lenta-angular-test13.dev.lenta.tech/

-----

-----
Test: tests/test_create_delivery_order.py::test_full_order (call)
Start time: 2025-02-24 14:14:08.810852
Start name method: add_to_cart_search

End time: 2025-02-24 14:14:09.144640
End name method: add_to_cart_search
URL: https://lenta-angular-test13.dev.lenta.tech/

-----

-----
Test: tests/test_create_delivery_order.py::test_full_order (call)
Start time: 2025-02-24 14:14:09.144640
Start name method: complete_order

