
-----
Test: tests/test_create_delivery_order.py::test_full_order (call)
Start time: 2025-02-19 19:57:52.666219
Start name method: auth

End time: 2025-02-19 19:58:04.981893
End name method: auth
URL: https://lenta-angular-test13.dev.lenta.tech/

-----

-----
Test: tests/test_create_delivery_order.py::test_full_order (call)
Start time: 2025-02-19 19:58:04.982915
Start name method: choose_delivery

End time: 2025-02-19 19:58:05.084823
End name method: choose_delivery
URL: https://lenta-angular-test13.dev.lenta.tech/

-----

-----
Test: tests/test_create_delivery_order.py::test_full_order (call)
Start time: 2025-02-19 19:58:05.085821
Start name method: add_to_cart_favorite

End time: 2025-02-19 19:58:11.200059
End name method: add_to_cart_favorite
URL: https://lenta-angular-test13.dev.lenta.tech/my-account/favorites/

-----

-----
Test: tests/test_create_delivery_order.py::test_full_order (call)
Start time: 2025-02-19 19:58:11.200059
Start name method: complete_order

