
-----
Test: tests/test_create_delivery_order.py::test_full_order (call)
Start time: 2025-02-19 20:44:42.041172
Start name method: auth

End time: 2025-02-19 20:44:53.600747
End name method: auth
URL: https://lenta-angular-test13.dev.lenta.tech/

-----

-----
Test: tests/test_create_delivery_order.py::test_full_order (call)
Start time: 2025-02-19 20:44:53.601302
Start name method: choose_delivery

End time: 2025-02-19 20:44:53.711169
End name method: choose_delivery
URL: https://lenta-angular-test13.dev.lenta.tech/

-----

-----
Test: tests/test_create_delivery_order.py::test_full_order (call)
Start time: 2025-02-19 20:44:53.712177
Start name method: add_to_cart_favorite

End time: 2025-02-19 20:45:00.279167
End name method: add_to_cart_favorite
URL: https://lenta-angular-test13.dev.lenta.tech/my-account/favorites/

-----

-----
Test: tests/test_create_delivery_order.py::test_full_order (call)
Start time: 2025-02-19 20:45:00.281133
Start name method: complete_order

End time: 2025-02-19 20:45:19.412164
End name method: complete_order
URL: https://lenta-angular-test13.dev.lenta.tech/ordering/thanks/success/?index=3&order=098443476864&isRecurrent=true

-----
