
-----
Test: tests/test_create_delivery_order.py::test_full_order (call)
Start time: 2025-02-24 11:15:59.070427
Start name method: auth

End time: 2025-02-24 11:16:13.256044
End name method: auth
URL: https://lenta-angular-test13.dev.lenta.tech/

-----

-----
Test: tests/test_create_delivery_order.py::test_full_order (call)
Start time: 2025-02-24 11:16:13.256044
Start name method: choose_delivery

End time: 2025-02-24 11:16:13.477945
End name method: choose_delivery
URL: https://lenta-angular-test13.dev.lenta.tech/

-----

-----
Test: tests/test_create_delivery_order.py::test_full_order (call)
Start time: 2025-02-24 11:16:13.485638
Start name method: add_to_cart_search

