
-----
Test: tests/test_create_delivery_order.py::test_full_order (call)
Start time: 2025-02-19 22:59:34.708808
Start name method: auth

End time: 2025-02-19 22:59:45.978116
End name method: auth
URL: https://lenta-angular-test13.dev.lenta.tech/

-----

-----
Test: tests/test_create_delivery_order.py::test_full_order (call)
Start time: 2025-02-19 22:59:45.980275
Start name method: choose_delivery

End time: 2025-02-19 22:59:46.167089
End name method: choose_delivery
URL: https://lenta-angular-test13.dev.lenta.tech/

-----

-----
Test: tests/test_create_delivery_order.py::test_full_order (call)
Start time: 2025-02-19 22:59:46.168117
Start name method: add_to_cart_favorite

End time: 2025-02-19 22:59:52.028072
End name method: add_to_cart_favorite
URL: https://lenta-angular-test13.dev.lenta.tech/my-account/favorites/

-----

-----
Test: tests/test_create_delivery_order.py::test_full_order (call)
Start time: 2025-02-19 22:59:52.029636
Start name method: complete_order

