
-----
Test: tests/test_create_delivery_order.py::test_full_order (call)
Start time: 2025-02-24 11:39:30.511304
Start name method: auth

End time: 2025-02-24 11:39:42.981314
End name method: auth
URL: https://lenta-angular-test13.dev.lenta.tech/

-----

-----
Test: tests/test_create_delivery_order.py::test_full_order (call)
Start time: 2025-02-24 11:39:42.983306
Start name method: choose_delivery

End time: 2025-02-24 11:39:43.290205
End name method: choose_delivery
URL: https://lenta-angular-test13.dev.lenta.tech/

-----

-----
Test: tests/test_create_delivery_order.py::test_full_order (call)
Start time: 2025-02-24 11:39:43.291192
Start name method: add_to_cart_search

