
-----
Test: tests/test_create_delivery_order.py::test_full_order (call)
Start time: 2025-02-19 22:08:46.796116
Start name method: auth

End time: 2025-02-19 22:08:57.908930
End name method: auth
URL: https://lenta-angular-test13.dev.lenta.tech/

-----

-----
Test: tests/test_create_delivery_order.py::test_full_order (call)
Start time: 2025-02-19 22:08:57.909937
Start name method: choose_delivery

End time: 2025-02-19 22:08:58.043008
End name method: choose_delivery
URL: https://lenta-angular-test13.dev.lenta.tech/

-----

-----
Test: tests/test_create_delivery_order.py::test_full_order (call)
Start time: 2025-02-19 22:08:58.043008
Start name method: add_to_cart_favorite

End time: 2025-02-19 22:09:04.657437
End name method: add_to_cart_favorite
URL: https://lenta-angular-test13.dev.lenta.tech/my-account/favorites/

-----

-----
Test: tests/test_create_delivery_order.py::test_full_order (call)
Start time: 2025-02-19 22:09:04.657437
Start name method: complete_order

