
-----
Test: tests/test_create_delivery_order.py::test_full_order (call)
Start time: 2025-02-19 23:09:56.610284
Start name method: auth

End time: 2025-02-19 23:10:08.319670
End name method: auth
URL: https://lenta-angular-test13.dev.lenta.tech/

-----

-----
Test: tests/test_create_delivery_order.py::test_full_order (call)
Start time: 2025-02-19 23:10:08.319670
Start name method: choose_delivery

End time: 2025-02-19 23:10:08.455404
End name method: choose_delivery
URL: https://lenta-angular-test13.dev.lenta.tech/

-----

-----
Test: tests/test_create_delivery_order.py::test_full_order (call)
Start time: 2025-02-19 23:10:08.456420
Start name method: add_to_cart_favorite

End time: 2025-02-19 23:10:16.454988
End name method: add_to_cart_favorite
URL: https://lenta-angular-test13.dev.lenta.tech/my-account/favorites/

-----

-----
Test: tests/test_create_delivery_order.py::test_full_order (call)
Start time: 2025-02-19 23:10:16.454988
Start name method: complete_order

