
-----
Test: tests/test_create_pickup_order.py::test_full_order (call)
Start time: 2025-02-24 22:48:26.920648
Start name method: auth

End time: 2025-02-24 22:48:43.611749
End name method: auth
URL: https://lenta-angular-test13.dev.lenta.tech/

-----

-----
Test: tests/test_create_pickup_order.py::test_full_order (call)
Start time: 2025-02-24 22:48:43.612760
Start name method: add_to_cart_search

End time: 2025-02-24 22:48:49.935237
End name method: add_to_cart_search
URL: https://lenta-angular-test13.dev.lenta.tech/

-----

-----
Test: tests/test_create_pickup_order.py::test_full_order (call)
Start time: 2025-02-24 22:48:49.936560
Start name method: complete_order

