
-----
Test: tests/test_create_pickup_order.py::test_full_order (call)
Start time: 2025-02-19 19:26:57.337775
Start name method: auth

End time: 2025-02-19 19:27:10.071345
End name method: auth
URL: https://lenta-angular-test13.dev.lenta.tech/

-----

-----
Test: tests/test_create_pickup_order.py::test_full_order (call)
Start time: 2025-02-19 19:27:10.071345
Start name method: choose_delivery

End time: 2025-02-19 19:27:10.182528
End name method: choose_delivery
URL: https://lenta-angular-test13.dev.lenta.tech/

-----

-----
Test: tests/test_create_pickup_order.py::test_full_order (call)
Start time: 2025-02-19 19:27:10.182528
Start name method: add_to_cart_favorite

End time: 2025-02-19 19:27:16.535129
End name method: add_to_cart_favorite
URL: https://lenta-angular-test13.dev.lenta.tech/my-account/favorites/

-----

-----
Test: tests/test_create_pickup_order.py::test_full_order (call)
Start time: 2025-02-19 19:27:16.536155
Start name method: complete_order

End time: 2025-02-19 19:27:34.947626
End name method: complete_order
URL: https://lenta-angular-test13.dev.lenta.tech/ordering/thanks/success/?index=3&order=098443476856&isRecurrent=true

-----
