
-----
Test: tests/test_create_delivery_order.py::test_full_order (call)
Start time: 2025-02-19 23:11:42.569173
Start name method: auth

End time: 2025-02-19 23:11:54.105628
End name method: auth
URL: https://lenta-angular-test13.dev.lenta.tech/

-----

-----
Test: tests/test_create_delivery_order.py::test_full_order (call)
Start time: 2025-02-19 23:11:54.108232
Start name method: choose_delivery

End time: 2025-02-19 23:11:54.269326
End name method: choose_delivery
URL: https://lenta-angular-test13.dev.lenta.tech/

-----

-----
Test: tests/test_create_delivery_order.py::test_full_order (call)
Start time: 2025-02-19 23:11:54.269326
Start name method: add_to_cart_favorite

End time: 2025-02-19 23:12:00.175156
End name method: add_to_cart_favorite
URL: https://lenta-angular-test13.dev.lenta.tech/my-account/favorites/

-----

-----
Test: tests/test_create_delivery_order.py::test_full_order (call)
Start time: 2025-02-19 23:12:00.176179
Start name method: complete_order

