
-----
Test: tests/test_create_delivery_order.py::test_full_order (call)
Start time: 2025-02-24 12:24:53.419012
Start name method: auth

End time: 2025-02-24 12:25:05.677927
End name method: auth
URL: https://lenta-angular-test13.dev.lenta.tech/

-----

-----
Test: tests/test_create_delivery_order.py::test_full_order (call)
Start time: 2025-02-24 12:25:05.678944
Start name method: choose_delivery

End time: 2025-02-24 12:25:06.017039
End name method: choose_delivery
URL: https://lenta-angular-test13.dev.lenta.tech/

-----

-----
Test: tests/test_create_delivery_order.py::test_full_order (call)
Start time: 2025-02-24 12:25:06.018025
Start name method: add_to_cart_search

