
-----
Test: tests/test_create_delivery_order.py::test_full_order (call)
Start time: 2025-02-19 22:46:45.709074
Start name method: auth

End time: 2025-02-19 22:46:57.075999
End name method: auth
URL: https://lenta-angular-test13.dev.lenta.tech/

-----

-----
Test: tests/test_create_delivery_order.py::test_full_order (call)
Start time: 2025-02-19 22:46:57.077530
Start name method: choose_delivery

End time: 2025-02-19 22:46:57.252641
End name method: choose_delivery
URL: https://lenta-angular-test13.dev.lenta.tech/

-----

-----
Test: tests/test_create_delivery_order.py::test_full_order (call)
Start time: 2025-02-19 22:46:57.253664
Start name method: add_to_cart_favorite

End time: 2025-02-19 22:47:02.431999
End name method: add_to_cart_favorite
URL: https://lenta-angular-test13.dev.lenta.tech/my-account/favorites/

-----

-----
Test: tests/test_create_delivery_order.py::test_full_order (call)
Start time: 2025-02-19 22:47:02.432999
Start name method: complete_order

End time: 2025-02-19 22:47:24.623662
End name method: complete_order
URL: https://lenta-angular-test13.dev.lenta.tech/ordering/thanks/success/?index=3&order=098443476874&isRecurrent=true

-----
End time: 2025-02-19 22:47:24.673072
End name method: auth_dash
URL: https://lenta-angular-test13.dev.lenta.tech/ordering/thanks/success/?index=3&order=098443476874&isRecurrent=true

-----
End time: 2025-02-19 22:47:54.511268
End name method: finish_order
URL: https://lenta-site-test13.dev.lenta.tech/call/center

-----
