
-----
Test: tests/test_create_delivery_order.py::test_full_order (call)
Start time: 2025-02-23 21:22:38.423530
Start name method: auth

End time: 2025-02-23 21:22:52.902358
End name method: auth
URL: https://lenta-angular-test13.dev.lenta.tech/

-----

-----
Test: tests/test_create_delivery_order.py::test_full_order (call)
Start time: 2025-02-23 21:22:52.902358
Start name method: choose_delivery

End time: 2025-02-23 21:22:53.278818
End name method: choose_delivery
URL: https://lenta-angular-test13.dev.lenta.tech/

-----

-----
Test: tests/test_create_delivery_order.py::test_full_order (call)
Start time: 2025-02-23 21:22:53.279342
Start name method: add_to_cart_favorite

