
-----
Test: tests/test_create_delivery_order.py::test_full_order (call)
Start time: 2025-02-20 12:45:56.216120
Start name method: auth

End time: 2025-02-20 12:46:09.791836
End name method: auth
URL: https://lenta-angular-test13.dev.lenta.tech/

-----

-----
Test: tests/test_create_delivery_order.py::test_full_order (call)
Start time: 2025-02-20 12:46:09.792838
Start name method: choose_delivery

End time: 2025-02-20 12:46:10.125332
End name method: choose_delivery
URL: https://lenta-angular-test13.dev.lenta.tech/

-----

-----
Test: tests/test_create_delivery_order.py::test_full_order (call)
Start time: 2025-02-20 12:46:10.126325
Start name method: add_to_cart_favorite

End time: 2025-02-20 12:46:22.044323
End name method: add_to_cart_favorite
URL: https://lenta-angular-test13.dev.lenta.tech/my-account/favorites/

-----

-----
Test: tests/test_create_delivery_order.py::test_full_order (call)
Start time: 2025-02-20 12:46:22.045352
Start name method: complete_order

