
-----
Test: tests/test_create_delivery_order.py::test_full_order (call)
Start time: 2025-02-24 14:28:28.884402
Start name method: auth

End time: 2025-02-24 14:28:42.211538
End name method: auth
URL: https://lenta-angular-test13.dev.lenta.tech/

-----

-----
Test: tests/test_create_delivery_order.py::test_full_order (call)
Start time: 2025-02-24 14:28:42.211538
Start name method: choose_delivery

End time: 2025-02-24 14:28:42.449319
End name method: choose_delivery
URL: https://lenta-angular-test13.dev.lenta.tech/

-----

-----
Test: tests/test_create_delivery_order.py::test_full_order (call)
Start time: 2025-02-24 14:28:42.449319
Start name method: add_to_cart_search

End time: 2025-02-24 14:28:48.819243
End name method: add_to_cart_search
URL: https://lenta-angular-test13.dev.lenta.tech/

-----

-----
Test: tests/test_create_delivery_order.py::test_full_order (call)
Start time: 2025-02-24 14:28:48.819243
Start name method: complete_order

End time: 2025-02-24 14:29:13.836178
End name method: complete_order
URL: https://lenta-angular-test13.dev.lenta.tech/ordering/thanks/success/?index=3&order=098443477438&isRecurrent=true

-----
End time: 2025-02-24 14:29:13.928939
End name method: auth_dash
URL: https://lenta-angular-test13.dev.lenta.tech/ordering/thanks/success/?index=3&order=098443477438&isRecurrent=true

-----
End time: 2025-02-24 14:29:44.848469
End name method: finish_order
URL: https://lenta-site-test13.dev.lenta.tech/call/center

-----
