
-----
Test: tests/test_create_pickup_order.py::test_full_order (call)
Start time: 2025-02-24 15:19:21.423812
Start name method: auth

End time: 2025-02-24 15:19:54.523818
End name method: auth
URL: https://lenta-angular-test13.dev.lenta.tech/

-----

-----
Test: tests/test_create_pickup_order.py::test_full_order (call)
Start time: 2025-02-24 15:19:54.526006
Start name method: add_to_cart_search

End time: 2025-02-24 15:20:00.903684
End name method: add_to_cart_search
URL: https://lenta-angular-test13.dev.lenta.tech/

-----

-----
Test: tests/test_create_pickup_order.py::test_full_order (call)
Start time: 2025-02-24 15:20:00.905271
Start name method: complete_order

