
-----
Test: tests/test_create_delivery_order.py::test_full_order (call)
Start time: 2025-02-20 00:09:35.917950
Start name method: auth

End time: 2025-02-20 00:09:50.520848
End name method: auth
URL: https://lenta-angular-test13.dev.lenta.tech/

-----

-----
Test: tests/test_create_delivery_order.py::test_full_order (call)
Start time: 2025-02-20 00:09:50.521843
Start name method: choose_delivery

End time: 2025-02-20 00:09:50.945999
End name method: choose_delivery
URL: https://lenta-angular-test13.dev.lenta.tech/

-----

-----
Test: tests/test_create_delivery_order.py::test_full_order (call)
Start time: 2025-02-20 00:09:50.947659
Start name method: add_to_cart_favorite

End time: 2025-02-20 00:10:02.123686
End name method: add_to_cart_favorite
URL: https://lenta-angular-test13.dev.lenta.tech/my-account/favorites/

-----

-----
Test: tests/test_create_delivery_order.py::test_full_order (call)
Start time: 2025-02-20 00:10:02.124698
Start name method: complete_order

