
-----
Test: tests/test_create_delivery_order.py::test_full_order (call)
Start time: 2025-02-20 22:43:31.193111
Start name method: auth

End time: 2025-02-20 22:43:44.404592
End name method: auth
URL: https://lenta-angular-test13.dev.lenta.tech/

-----

-----
Test: tests/test_create_delivery_order.py::test_full_order (call)
Start time: 2025-02-20 22:43:44.406613
Start name method: choose_delivery

End time: 2025-02-20 22:43:44.625757
End name method: choose_delivery
URL: https://lenta-angular-test13.dev.lenta.tech/

-----

-----
Test: tests/test_create_delivery_order.py::test_full_order (call)
Start time: 2025-02-20 22:43:44.626861
Start name method: add_to_cart_favorite

End time: 2025-02-20 22:43:54.020549
End name method: add_to_cart_favorite
URL: https://lenta-angular-test13.dev.lenta.tech/my-account/favorites/

-----

-----
Test: tests/test_create_delivery_order.py::test_full_order (call)
Start time: 2025-02-20 22:43:54.021631
Start name method: complete_order

