
-----
Test: tests/test_create_delivery_order.py::test_full_order (call)
Start time: 2025-02-24 22:49:59.754927
Start name method: auth

End time: 2025-02-24 22:50:16.377644
End name method: auth
URL: https://lenta-angular-test13.dev.lenta.tech/

-----

-----
Test: tests/test_create_delivery_order.py::test_full_order (call)
Start time: 2025-02-24 22:50:16.378902
Start name method: choose_delivery

End time: 2025-02-24 22:50:16.619152
End name method: choose_delivery
URL: https://lenta-angular-test13.dev.lenta.tech/

-----

-----
Test: tests/test_create_delivery_order.py::test_full_order (call)
Start time: 2025-02-24 22:50:16.619722
Start name method: add_to_cart_search

End time: 2025-02-24 22:50:23.216412
End name method: add_to_cart_search
URL: https://lenta-angular-test13.dev.lenta.tech/

-----

-----
Test: tests/test_create_delivery_order.py::test_full_order (call)
Start time: 2025-02-24 22:50:23.218521
Start name method: complete_order

