
-----
Test: tests/test_create_pickup_order.py::test_full_order (call)
Start time: 2025-02-19 19:20:03.460154
Start name method: auth

End time: 2025-02-19 19:20:14.416931
End name method: auth
URL: https://lenta-angular-test13.dev.lenta.tech/

-----

-----
Test: tests/test_create_pickup_order.py::test_full_order (call)
Start time: 2025-02-19 19:20:14.417688
Start name method: choose_delivery

End time: 2025-02-19 19:20:14.600030
End name method: choose_delivery
URL: https://lenta-angular-test13.dev.lenta.tech/

-----

-----
Test: tests/test_create_pickup_order.py::test_full_order (call)
Start time: 2025-02-19 19:20:14.601037
Start name method: add_to_cart_favorite

End time: 2025-02-19 19:20:20.522825
End name method: add_to_cart_favorite
URL: https://lenta-angular-test13.dev.lenta.tech/my-account/favorites/

-----

-----
Test: tests/test_create_pickup_order.py::test_full_order (call)
Start time: 2025-02-19 19:20:20.524398
Start name method: complete_order

