
-----
Test: tests/test_create_delivery_order.py::test_full_order (call)
Start time: 2025-02-19 21:56:15.051531
Start name method: auth

End time: 2025-02-19 21:56:26.307436
End name method: auth
URL: https://lenta-angular-test13.dev.lenta.tech/

-----

-----
Test: tests/test_create_delivery_order.py::test_full_order (call)
Start time: 2025-02-19 21:56:26.308432
Start name method: choose_delivery

End time: 2025-02-19 21:56:26.507292
End name method: choose_delivery
URL: https://lenta-angular-test13.dev.lenta.tech/

-----

-----
Test: tests/test_create_delivery_order.py::test_full_order (call)
Start time: 2025-02-19 21:56:26.508265
Start name method: add_to_cart_favorite

End time: 2025-02-19 21:56:32.264440
End name method: add_to_cart_favorite
URL: https://lenta-angular-test13.dev.lenta.tech/my-account/favorites/

-----

-----
Test: tests/test_create_delivery_order.py::test_full_order (call)
Start time: 2025-02-19 21:56:32.265447
Start name method: complete_order

End time: 2025-02-19 21:56:54.359997
End name method: complete_order
URL: https://lenta-angular-test13.dev.lenta.tech/ordering/thanks/success/?order=098443476871&isRecurrent=true

-----
End time: 2025-02-19 21:56:54.497659
End name method: auth_dash
URL: https://lenta-angular-test13.dev.lenta.tech/ordering/thanks/success/?order=098443476871&isRecurrent=true

-----
End time: 2025-02-19 21:57:22.024416
End name method: finish_order
URL: https://lenta-site-test13.dev.lenta.tech/call/center

-----
