
-----
Test: tests/test_create_pickup_order.py::test_full_order (call)
Start time: 2025-02-24 15:24:22.258749
Start name method: auth

End time: 2025-02-24 15:26:06.556819
End name method: auth
URL: https://lenta-angular-test13.dev.lenta.tech/

-----

-----
Test: tests/test_create_pickup_order.py::test_full_order (call)
Start time: 2025-02-24 15:26:06.561161
Start name method: add_to_cart_search

End time: 2025-02-24 15:26:14.956001
End name method: add_to_cart_search
URL: https://lenta-angular-test13.dev.lenta.tech/

-----

-----
Test: tests/test_create_pickup_order.py::test_full_order (call)
Start time: 2025-02-24 15:26:14.959463
Start name method: complete_order

