
-----
Test: tests/test_create_delivery_order.py::test_full_order (call)
Start time: 2025-02-24 12:40:10.575181
Start name method: auth

End time: 2025-02-24 12:40:34.409514
End name method: auth
URL: https://lenta-angular-test13.dev.lenta.tech/

-----

-----
Test: tests/test_create_delivery_order.py::test_full_order (call)
Start time: 2025-02-24 12:40:34.411515
Start name method: choose_delivery

End time: 2025-02-24 12:40:35.036978
End name method: choose_delivery
URL: https://lenta-angular-test13.dev.lenta.tech/

-----

-----
Test: tests/test_create_delivery_order.py::test_full_order (call)
Start time: 2025-02-24 12:40:35.038621
Start name method: add_to_cart_search

