
-----
Test: tests/test_create_delivery_order.py::test_full_order (call)
Start time: 2025-02-19 21:40:34.674611
Start name method: auth

End time: 2025-02-19 21:40:48.753974
End name method: auth
URL: https://lenta-angular-test13.dev.lenta.tech/

-----

-----
Test: tests/test_create_delivery_order.py::test_full_order (call)
Start time: 2025-02-19 21:40:48.753974
Start name method: choose_delivery

End time: 2025-02-19 21:40:48.896469
End name method: choose_delivery
URL: https://lenta-angular-test13.dev.lenta.tech/

-----

-----
Test: tests/test_create_delivery_order.py::test_full_order (call)
Start time: 2025-02-19 21:40:48.897524
Start name method: add_to_cart_favorite

End time: 2025-02-19 21:40:55.205738
End name method: add_to_cart_favorite
URL: https://lenta-angular-test13.dev.lenta.tech/my-account/favorites/

-----

-----
Test: tests/test_create_delivery_order.py::test_full_order (call)
Start time: 2025-02-19 21:40:55.206743
Start name method: complete_order

End time: 2025-02-19 21:41:14.768142
End name method: complete_order
URL: https://lenta-angular-test13.dev.lenta.tech/ordering/thanks/success/?index=3&order=098443476868&isRecurrent=true

-----
End time: 2025-02-19 21:41:14.808728
End name method: auth_dash
URL: https://lenta-angular-test13.dev.lenta.tech/ordering/thanks/success/?index=3&order=098443476868&isRecurrent=true

-----
