
-----
Test: tests/test_create_pickup_order.py::test_full_order (call)
Start time: 2025-02-24 22:56:00.921208
Start name method: auth

End time: 2025-02-24 22:56:17.419243
End name method: auth
URL: https://lenta-angular-test13.dev.lenta.tech/

-----

-----
Test: tests/test_create_pickup_order.py::test_full_order (call)
Start time: 2025-02-24 22:56:17.420264
Start name method: add_to_cart_search

End time: 2025-02-24 22:56:23.764658
End name method: add_to_cart_search
URL: https://lenta-angular-test13.dev.lenta.tech/

-----

-----
Test: tests/test_create_pickup_order.py::test_full_order (call)
Start time: 2025-02-24 22:56:23.765863
Start name method: complete_order

