
-----
Test: tests/test_create_delivery_order.py::test_full_order (call)
Start time: 2025-02-24 12:21:55.766020
Start name method: auth

End time: 2025-02-24 12:22:12.005454
End name method: auth
URL: https://lenta-angular-test13.dev.lenta.tech/

-----

-----
Test: tests/test_create_delivery_order.py::test_full_order (call)
Start time: 2025-02-24 12:22:12.006453
Start name method: choose_delivery

End time: 2025-02-24 12:22:12.276700
End name method: choose_delivery
URL: https://lenta-angular-test13.dev.lenta.tech/

-----

-----
Test: tests/test_create_delivery_order.py::test_full_order (call)
Start time: 2025-02-24 12:22:12.278691
Start name method: add_to_cart_search

