
-----
Test: tests/test_create_pickup_order.py::test_full_order (call)
Start time: 2025-02-24 15:09:08.365509
Start name method: auth

End time: 2025-02-24 15:09:22.265336
End name method: auth
URL: https://lenta-angular-test13.dev.lenta.tech/

-----

-----
Test: tests/test_create_pickup_order.py::test_full_order (call)
Start time: 2025-02-24 15:09:22.266974
Start name method: add_to_cart_search

End time: 2025-02-24 15:09:28.586676
End name method: add_to_cart_search
URL: https://lenta-angular-test13.dev.lenta.tech/

-----

-----
Test: tests/test_create_pickup_order.py::test_full_order (call)
Start time: 2025-02-24 15:09:28.587636
Start name method: complete_order

