
-----
Test: tests/test_create_delivery_order.py::test_full_order (call)
Start time: 2025-02-24 12:08:37.587092
Start name method: auth

End time: 2025-02-24 12:08:50.814426
End name method: auth
URL: https://lenta-angular-test13.dev.lenta.tech/

-----

-----
Test: tests/test_create_delivery_order.py::test_full_order (call)
Start time: 2025-02-24 12:08:50.814426
Start name method: choose_delivery

End time: 2025-02-24 12:08:51.034324
End name method: choose_delivery
URL: https://lenta-angular-test13.dev.lenta.tech/

-----

-----
Test: tests/test_create_delivery_order.py::test_full_order (call)
Start time: 2025-02-24 12:08:51.034324
Start name method: add_to_cart_search

