
-----
Test: tests/test_create_delivery_order.py::test_full_order (call)
Start time: 2025-02-24 12:31:02.106835
Start name method: auth

End time: 2025-02-24 12:31:15.903811
End name method: auth
URL: https://lenta-angular-test13.dev.lenta.tech/

-----

-----
Test: tests/test_create_delivery_order.py::test_full_order (call)
Start time: 2025-02-24 12:31:15.904822
Start name method: choose_delivery

End time: 2025-02-24 12:31:16.213775
End name method: choose_delivery
URL: https://lenta-angular-test13.dev.lenta.tech/

-----

-----
Test: tests/test_create_delivery_order.py::test_full_order (call)
Start time: 2025-02-24 12:31:16.214778
Start name method: add_to_cart_search

