
-----
Test: tests/test_create_pickup_order.py::test_full_order (call)
Start time: 2025-02-24 14:59:10.288612
Start name method: auth

End time: 2025-02-24 14:59:22.023979
End name method: auth
URL: https://lenta-angular-test13.dev.lenta.tech/

-----

-----
Test: tests/test_create_pickup_order.py::test_full_order (call)
Start time: 2025-02-24 14:59:22.025534
Start name method: add_to_cart_search

End time: 2025-02-24 14:59:28.332606
End name method: add_to_cart_search
URL: https://lenta-angular-test13.dev.lenta.tech/

-----

-----
Test: tests/test_create_pickup_order.py::test_full_order (call)
Start time: 2025-02-24 14:59:28.332606
Start name method: complete_order

