
-----
Test: tests/test_create_pickup_order.py::test_full_order (call)
Start time: 2025-02-19 19:28:56.228531
Start name method: auth

End time: 2025-02-19 19:29:13.329758
End name method: auth
URL: https://lenta-angular-test13.dev.lenta.tech/

-----

-----
Test: tests/test_create_pickup_order.py::test_full_order (call)
Start time: 2025-02-19 19:29:13.330759
Start name method: choose_delivery

End time: 2025-02-19 19:29:13.580744
End name method: choose_delivery
URL: https://lenta-angular-test13.dev.lenta.tech/

-----

-----
Test: tests/test_create_pickup_order.py::test_full_order (call)
Start time: 2025-02-19 19:29:13.582257
Start name method: add_to_cart_favorite

