
-----
Test: tests/test_create_delivery_order.py::test_full_order (call)
Start time: 2025-02-24 11:12:28.693620
Start name method: auth

End time: 2025-02-24 11:12:41.968417
End name method: auth
URL: https://lenta-angular-test13.dev.lenta.tech/

-----

-----
Test: tests/test_create_delivery_order.py::test_full_order (call)
Start time: 2025-02-24 11:12:41.969416
Start name method: choose_delivery

End time: 2025-02-24 11:12:42.258264
End name method: choose_delivery
URL: https://lenta-angular-test13.dev.lenta.tech/

-----

-----
Test: tests/test_create_delivery_order.py::test_full_order (call)
Start time: 2025-02-24 11:12:42.258264
Start name method: add_to_cart_search

