
-----
Test: tests/test_create_delivery_order.py::test_full_order (call)
Start time: 2025-02-19 20:18:59.491562
Start name method: auth

End time: 2025-02-19 20:19:17.261660
End name method: auth
URL: https://lenta-angular-test13.dev.lenta.tech/

-----

-----
Test: tests/test_create_delivery_order.py::test_full_order (call)
Start time: 2025-02-19 20:19:17.261660
Start name method: choose_delivery

End time: 2025-02-19 20:19:17.400400
End name method: choose_delivery
URL: https://lenta-angular-test13.dev.lenta.tech/

-----

-----
Test: tests/test_create_delivery_order.py::test_full_order (call)
Start time: 2025-02-19 20:19:17.401439
Start name method: add_to_cart_favorite

End time: 2025-02-19 20:19:24.587834
End name method: add_to_cart_favorite
URL: https://lenta-angular-test13.dev.lenta.tech/my-account/favorites/

-----

-----
Test: tests/test_create_delivery_order.py::test_full_order (call)
Start time: 2025-02-19 20:19:24.593734
Start name method: complete_order

