
-----
Test: tests/test_create_delivery_order.py::test_full_order (call)
Start time: 2025-02-19 22:53:41.052867
Start name method: auth

End time: 2025-02-19 22:53:52.672966
End name method: auth
URL: https://lenta-angular-test13.dev.lenta.tech/

-----

-----
Test: tests/test_create_delivery_order.py::test_full_order (call)
Start time: 2025-02-19 22:53:52.673983
Start name method: choose_delivery

End time: 2025-02-19 22:53:52.860765
End name method: choose_delivery
URL: https://lenta-angular-test13.dev.lenta.tech/

-----

-----
Test: tests/test_create_delivery_order.py::test_full_order (call)
Start time: 2025-02-19 22:53:52.860765
Start name method: add_to_cart_favorite

End time: 2025-02-19 22:53:58.776091
End name method: add_to_cart_favorite
URL: https://lenta-angular-test13.dev.lenta.tech/my-account/favorites/

-----

-----
Test: tests/test_create_delivery_order.py::test_full_order (call)
Start time: 2025-02-19 22:53:58.777106
Start name method: complete_order

End time: 2025-02-19 22:54:21.558103
End name method: complete_order
URL: https://lenta-angular-test13.dev.lenta.tech/ordering/thanks/success/?index=3&order=098443476876&isRecurrent=true

-----
End time: 2025-02-19 22:54:21.605255
End name method: auth_dash
URL: https://lenta-angular-test13.dev.lenta.tech/ordering/thanks/success/?index=3&order=098443476876&isRecurrent=true

-----
End time: 2025-02-19 22:54:50.022300
End name method: finish_order
URL: https://lenta-site-test13.dev.lenta.tech/call/center

-----
