
-----
Test: tests/test_create_delivery_order.py::test_full_order (call)
Start time: 2025-02-20 11:29:03.829882
Start name method: auth

End time: 2025-02-20 11:29:22.181992
End name method: auth
URL: https://lenta-angular-test13.dev.lenta.tech/

-----

-----
Test: tests/test_create_delivery_order.py::test_full_order (call)
Start time: 2025-02-20 11:29:22.187514
Start name method: choose_delivery

End time: 2025-02-20 11:29:22.454678
End name method: choose_delivery
URL: https://lenta-angular-test13.dev.lenta.tech/

-----

-----
Test: tests/test_create_delivery_order.py::test_full_order (call)
Start time: 2025-02-20 11:29:22.454678
Start name method: add_to_cart_favorite

