
-----
Test: tests/test_create_delivery_order.py::test_full_order (call)
Start time: 2025-02-19 23:14:42.686767
Start name method: auth

End time: 2025-02-19 23:14:54.180039
End name method: auth
URL: https://lenta-angular-test13.dev.lenta.tech/

-----

-----
Test: tests/test_create_delivery_order.py::test_full_order (call)
Start time: 2025-02-19 23:14:54.180998
Start name method: choose_delivery

End time: 2025-02-19 23:14:54.358068
End name method: choose_delivery
URL: https://lenta-angular-test13.dev.lenta.tech/

-----

-----
Test: tests/test_create_delivery_order.py::test_full_order (call)
Start time: 2025-02-19 23:14:54.359109
Start name method: add_to_cart_favorite

End time: 2025-02-19 23:15:00.284403
End name method: add_to_cart_favorite
URL: https://lenta-angular-test13.dev.lenta.tech/my-account/favorites/

-----

-----
Test: tests/test_create_delivery_order.py::test_full_order (call)
Start time: 2025-02-19 23:15:00.285408
Start name method: complete_order

End time: 2025-02-19 23:15:38.019278
End name method: complete_order
URL: https://lenta-angular-test13.dev.lenta.tech/ordering/thanks/success/?index=3&order=098443476885&isRecurrent=true

-----
End time: 2025-02-19 23:15:38.065099
End name method: auth_dash
URL: https://lenta-angular-test13.dev.lenta.tech/ordering/thanks/success/?index=3&order=098443476885&isRecurrent=true

-----
End time: 2025-02-19 23:16:07.940773
End name method: finish_order
URL: https://lenta-site-test13.dev.lenta.tech/call/center

-----
