
-----
Test: tests/test_create_delivery_order.py::test_full_order (call)
Start time: 2025-02-19 22:56:51.253522
Start name method: auth

End time: 2025-02-19 22:57:02.638739
End name method: auth
URL: https://lenta-angular-test13.dev.lenta.tech/

-----

-----
Test: tests/test_create_delivery_order.py::test_full_order (call)
Start time: 2025-02-19 22:57:02.639763
Start name method: choose_delivery

End time: 2025-02-19 22:57:02.814034
End name method: choose_delivery
URL: https://lenta-angular-test13.dev.lenta.tech/

-----

-----
Test: tests/test_create_delivery_order.py::test_full_order (call)
Start time: 2025-02-19 22:57:02.815035
Start name method: add_to_cart_favorite

End time: 2025-02-19 22:57:08.942689
End name method: add_to_cart_favorite
URL: https://lenta-angular-test13.dev.lenta.tech/my-account/favorites/

-----

-----
Test: tests/test_create_delivery_order.py::test_full_order (call)
Start time: 2025-02-19 22:57:08.943953
Start name method: complete_order

