
-----
Test: tests/test_create_pickup_order.py::test_full_order (call)
Start time: 2025-02-19 19:34:50.639238
Start name method: auth

End time: 2025-02-19 19:35:11.378446
End name method: auth
URL: https://lenta-angular-test13.dev.lenta.tech/

-----

-----
Test: tests/test_create_pickup_order.py::test_full_order (call)
Start time: 2025-02-19 19:35:11.379444
Start name method: choose_delivery

End time: 2025-02-19 19:35:11.582824
End name method: choose_delivery
URL: https://lenta-angular-test13.dev.lenta.tech/

-----

-----
Test: tests/test_create_pickup_order.py::test_full_order (call)
Start time: 2025-02-19 19:35:11.583820
Start name method: add_to_cart_favorite

End time: 2025-02-19 19:35:18.940039
End name method: add_to_cart_favorite
URL: https://lenta-angular-test13.dev.lenta.tech/my-account/favorites/

-----

-----
Test: tests/test_create_pickup_order.py::test_full_order (call)
Start time: 2025-02-19 19:35:18.940039
Start name method: complete_order

