
-----
Test: tests/test_create_pickup_order.py::test_full_order (call)
Start time: 2025-02-24 23:05:49.396540
Start name method: auth

End time: 2025-02-24 23:06:07.006662
End name method: auth
URL: https://lenta-angular-test13.dev.lenta.tech/

-----

-----
Test: tests/test_create_pickup_order.py::test_full_order (call)
Start time: 2025-02-24 23:06:07.008687
Start name method: add_to_cart_search

End time: 2025-02-24 23:06:13.319482
End name method: add_to_cart_search
URL: https://lenta-angular-test13.dev.lenta.tech/

-----

-----
Test: tests/test_create_pickup_order.py::test_full_order (call)
Start time: 2025-02-24 23:06:13.321499
Start name method: complete_order

End time: 2025-02-24 23:06:55.959758
End name method: complete_order
URL: https://lenta-angular-test13.dev.lenta.tech/ordering/thanks/success/?index=0&order=4621051253&isRecurrent=true

-----
End time: 2025-02-24 23:06:56.097149
End name method: auth_dash
URL: https://lenta-angular-test13.dev.lenta.tech/ordering/thanks/success/?index=0&order=4621051253&isRecurrent=true

-----
