
-----
Test: tests/test_create_pickup_order.py::test_full_order (call)
Start time: 2025-02-24 22:59:53.965537
Start name method: auth

End time: 2025-02-24 23:00:10.562964
End name method: auth
URL: https://lenta-angular-test13.dev.lenta.tech/

-----

-----
Test: tests/test_create_pickup_order.py::test_full_order (call)
Start time: 2025-02-24 23:00:10.563983
Start name method: add_to_cart_search

End time: 2025-02-24 23:00:16.843237
End name method: add_to_cart_search
URL: https://lenta-angular-test13.dev.lenta.tech/

-----

-----
Test: tests/test_create_pickup_order.py::test_full_order (call)
Start time: 2025-02-24 23:00:16.845240
Start name method: complete_order

