
-----
Test: tests/test_create_delivery_order.py::test_full_order (call)
Start time: 2025-02-24 11:26:17.498972
Start name method: auth

End time: 2025-02-24 11:26:31.409973
End name method: auth
URL: https://lenta-angular-test13.dev.lenta.tech/

-----

-----
Test: tests/test_create_delivery_order.py::test_full_order (call)
Start time: 2025-02-24 11:26:31.413904
Start name method: choose_delivery

End time: 2025-02-24 11:26:31.693668
End name method: choose_delivery
URL: https://lenta-angular-test13.dev.lenta.tech/

-----

-----
Test: tests/test_create_delivery_order.py::test_full_order (call)
Start time: 2025-02-24 11:26:31.698180
Start name method: add_to_cart_search

