
-----
Test: tests/test_create_delivery_order.py::test_full_order (call)
Start time: 2025-02-24 14:22:39.718894
Start name method: auth

End time: 2025-02-24 14:22:53.272324
End name method: auth
URL: https://lenta-angular-test13.dev.lenta.tech/

-----

-----
Test: tests/test_create_delivery_order.py::test_full_order (call)
Start time: 2025-02-24 14:22:53.280089
Start name method: choose_delivery

End time: 2025-02-24 14:22:53.576464
End name method: choose_delivery
URL: https://lenta-angular-test13.dev.lenta.tech/

-----

-----
Test: tests/test_create_delivery_order.py::test_full_order (call)
Start time: 2025-02-24 14:22:53.579532
Start name method: add_to_cart_search

End time: 2025-02-24 14:22:59.820100
End name method: add_to_cart_search
URL: https://lenta-angular-test13.dev.lenta.tech/

-----

-----
Test: tests/test_create_delivery_order.py::test_full_order (call)
Start time: 2025-02-24 14:22:59.820100
Start name method: complete_order

