
-----
Test: tests/test_create_delivery_order.py::test_full_order (call)
Start time: 2025-02-20 22:44:41.979116
Start name method: auth

End time: 2025-02-20 22:44:55.577342
End name method: auth
URL: https://lenta-angular-test13.dev.lenta.tech/

-----

-----
Test: tests/test_create_delivery_order.py::test_full_order (call)
Start time: 2025-02-20 22:44:55.578345
Start name method: choose_delivery

End time: 2025-02-20 22:44:55.903793
End name method: choose_delivery
URL: https://lenta-angular-test13.dev.lenta.tech/

-----

-----
Test: tests/test_create_delivery_order.py::test_full_order (call)
Start time: 2025-02-20 22:44:55.905808
Start name method: add_to_cart_favorite

