
-----
Test: tests/test_create_delivery_order.py::test_full_order (call)
Start time: 2025-02-20 22:41:10.734476
Start name method: auth

End time: 2025-02-20 22:41:23.728241
End name method: auth
URL: https://lenta-angular-test13.dev.lenta.tech/

-----

-----
Test: tests/test_create_delivery_order.py::test_full_order (call)
Start time: 2025-02-20 22:41:23.729254
Start name method: choose_delivery

End time: 2025-02-20 22:41:23.953442
End name method: choose_delivery
URL: https://lenta-angular-test13.dev.lenta.tech/

-----

-----
Test: tests/test_create_delivery_order.py::test_full_order (call)
Start time: 2025-02-20 22:41:23.954450
Start name method: add_to_cart_favorite

End time: 2025-02-20 22:41:33.030905
End name method: add_to_cart_favorite
URL: https://lenta-angular-test13.dev.lenta.tech/my-account/favorites/

-----

-----
Test: tests/test_create_delivery_order.py::test_full_order (call)
Start time: 2025-02-20 22:41:33.032423
Start name method: complete_order

