
-----
Test: tests/test_create_delivery_order.py::test_full_order (call)
Start time: 2025-02-19 20:38:04.826420
Start name method: auth

End time: 2025-02-19 20:38:23.908424
End name method: auth
URL: https://lenta-angular-test13.dev.lenta.tech/

-----

-----
Test: tests/test_create_delivery_order.py::test_full_order (call)
Start time: 2025-02-19 20:38:23.909421
Start name method: choose_delivery

End time: 2025-02-19 20:38:24.136478
End name method: choose_delivery
URL: https://lenta-angular-test13.dev.lenta.tech/

-----

-----
Test: tests/test_create_delivery_order.py::test_full_order (call)
Start time: 2025-02-19 20:38:24.137000
Start name method: add_to_cart_favorite

End time: 2025-02-19 20:38:32.240512
End name method: add_to_cart_favorite
URL: https://lenta-angular-test13.dev.lenta.tech/my-account/favorites/

-----

-----
Test: tests/test_create_delivery_order.py::test_full_order (call)
Start time: 2025-02-19 20:38:32.241511
Start name method: complete_order

End time: 2025-02-19 20:38:51.648654
End name method: complete_order
URL: https://lenta-angular-test13.dev.lenta.tech/ordering/thanks/success/?index=3&order=098443476863&isRecurrent=true

-----
