
-----
Test: tests/test_create_delivery_order.py::test_full_order (call)
Start time: 2025-02-19 21:03:22.536750
Start name method: auth

End time: 2025-02-19 21:03:41.648616
End name method: auth
URL: https://lenta-angular-test13.dev.lenta.tech/

-----

-----
Test: tests/test_create_delivery_order.py::test_full_order (call)
Start time: 2025-02-19 21:03:41.649613
Start name method: choose_delivery

End time: 2025-02-19 21:03:41.793213
End name method: choose_delivery
URL: https://lenta-angular-test13.dev.lenta.tech/

-----

-----
Test: tests/test_create_delivery_order.py::test_full_order (call)
Start time: 2025-02-19 21:03:41.794966
Start name method: add_to_cart_favorite

End time: 2025-02-19 21:03:49.047847
End name method: add_to_cart_favorite
URL: https://lenta-angular-test13.dev.lenta.tech/my-account/favorites/

-----

-----
Test: tests/test_create_delivery_order.py::test_full_order (call)
Start time: 2025-02-19 21:03:49.048851
Start name method: complete_order

End time: 2025-02-19 21:04:08.864535
End name method: complete_order
URL: https://lenta-angular-test13.dev.lenta.tech/ordering/thanks/success/?index=3&order=098443476867&isRecurrent=true

-----
