
-----
Test: tests/test_create_delivery_order.py::test_full_order (call)
Start time: 2025-02-24 11:29:43.698437
Start name method: auth

End time: 2025-02-24 11:29:57.434947
End name method: auth
URL: https://lenta-angular-test13.dev.lenta.tech/

-----

-----
Test: tests/test_create_delivery_order.py::test_full_order (call)
Start time: 2025-02-24 11:29:57.437586
Start name method: choose_delivery

End time: 2025-02-24 11:29:57.660418
End name method: choose_delivery
URL: https://lenta-angular-test13.dev.lenta.tech/

-----

-----
Test: tests/test_create_delivery_order.py::test_full_order (call)
Start time: 2025-02-24 11:29:57.661739
Start name method: add_to_cart_search

