
-----
Test: tests/test_create_delivery_order.py::test_full_order (call)
Start time: 2025-02-20 11:34:25.250243
Start name method: auth

End time: 2025-02-20 11:34:39.837776
End name method: auth
URL: https://lenta-angular-test13.dev.lenta.tech/

-----

-----
Test: tests/test_create_delivery_order.py::test_full_order (call)
Start time: 2025-02-20 11:34:39.837776
Start name method: choose_delivery

End time: 2025-02-20 11:34:40.137698
End name method: choose_delivery
URL: https://lenta-angular-test13.dev.lenta.tech/

-----

-----
Test: tests/test_create_delivery_order.py::test_full_order (call)
Start time: 2025-02-20 11:34:40.138452
Start name method: add_to_cart_favorite

