
-----
Test: tests/test_create_delivery_order.py::test_full_order (call)
Start time: 2025-02-19 22:09:54.641652
Start name method: auth

End time: 2025-02-19 22:10:05.901106
End name method: auth
URL: https://lenta-angular-test13.dev.lenta.tech/

-----

-----
Test: tests/test_create_delivery_order.py::test_full_order (call)
Start time: 2025-02-19 22:10:05.902107
Start name method: choose_delivery

End time: 2025-02-19 22:10:06.006650
End name method: choose_delivery
URL: https://lenta-angular-test13.dev.lenta.tech/

-----

-----
Test: tests/test_create_delivery_order.py::test_full_order (call)
Start time: 2025-02-19 22:10:06.007652
Start name method: add_to_cart_favorite

End time: 2025-02-19 22:10:11.902005
End name method: add_to_cart_favorite
URL: https://lenta-angular-test13.dev.lenta.tech/my-account/favorites/

-----

-----
Test: tests/test_create_delivery_order.py::test_full_order (call)
Start time: 2025-02-19 22:10:11.903014
Start name method: complete_order

End time: 2025-02-19 22:10:38.066729
End name method: complete_order
URL: https://lenta-angular-test13.dev.lenta.tech/ordering/thanks/success/?order=098443476873&isRecurrent=true

-----
End time: 2025-02-19 22:10:38.175386
End name method: auth_dash
URL: https://lenta-angular-test13.dev.lenta.tech/ordering/thanks/success/?index=3&order=098443476873&isRecurrent=true

-----
End time: 2025-02-19 22:11:17.224883
End name method: finish_order
URL: https://lenta-site-test13.dev.lenta.tech/call/center

-----
