
-----
Test: tests/test_create_delivery_order.py::test_full_order (call)
Start time: 2025-02-19 23:02:14.371160
Start name method: auth

End time: 2025-02-19 23:02:25.633363
End name method: auth
URL: https://lenta-angular-test13.dev.lenta.tech/

-----

-----
Test: tests/test_create_delivery_order.py::test_full_order (call)
Start time: 2025-02-19 23:02:25.633363
Start name method: choose_delivery

End time: 2025-02-19 23:02:25.854229
End name method: choose_delivery
URL: https://lenta-angular-test13.dev.lenta.tech/

-----

-----
Test: tests/test_create_delivery_order.py::test_full_order (call)
Start time: 2025-02-19 23:02:25.855752
Start name method: add_to_cart_favorite

End time: 2025-02-19 23:02:31.922045
End name method: add_to_cart_favorite
URL: https://lenta-angular-test13.dev.lenta.tech/my-account/favorites/

-----

-----
Test: tests/test_create_delivery_order.py::test_full_order (call)
Start time: 2025-02-19 23:02:31.922045
Start name method: complete_order

End time: 2025-02-19 23:03:04.373704
End name method: complete_order
URL: https://lenta-angular-test13.dev.lenta.tech/ordering/thanks/success/?index=3&order=098443476880&isRecurrent=true

-----
End time: 2025-02-19 23:03:04.429465
End name method: auth_dash
URL: https://lenta-angular-test13.dev.lenta.tech/ordering/thanks/success/?index=3&order=098443476880&isRecurrent=true

-----
End time: 2025-02-19 23:03:34.125634
End name method: finish_order
URL: https://lenta-site-test13.dev.lenta.tech/call/center

-----
