
-----
Test: tests/test_create_delivery_order.py::test_full_order (call)
Start time: 2025-02-19 20:15:57.767861
Start name method: auth

End time: 2025-02-19 20:16:16.368376
End name method: auth
URL: https://lenta-angular-test13.dev.lenta.tech/

-----

-----
Test: tests/test_create_delivery_order.py::test_full_order (call)
Start time: 2025-02-19 20:16:16.369381
Start name method: choose_delivery

End time: 2025-02-19 20:16:16.516604
End name method: choose_delivery
URL: https://lenta-angular-test13.dev.lenta.tech/

-----

-----
Test: tests/test_create_delivery_order.py::test_full_order (call)
Start time: 2025-02-19 20:16:16.517615
Start name method: add_to_cart_favorite

End time: 2025-02-19 20:16:24.083178
End name method: add_to_cart_favorite
URL: https://lenta-angular-test13.dev.lenta.tech/my-account/favorites/

-----

-----
Test: tests/test_create_delivery_order.py::test_full_order (call)
Start time: 2025-02-19 20:16:24.084688
Start name method: complete_order

