
-----
Test: tests/test_create_pickup_order.py::test_full_order (call)
Start time: 2025-02-24 22:44:37.077180
Start name method: auth

End time: 2025-02-24 22:44:56.302424
End name method: auth
URL: https://lenta-angular-test13.dev.lenta.tech/

-----

-----
Test: tests/test_create_pickup_order.py::test_full_order (call)
Start time: 2025-02-24 22:44:56.304370
Start name method: add_to_cart_search

End time: 2025-02-24 22:45:02.577001
End name method: add_to_cart_search
URL: https://lenta-angular-test13.dev.lenta.tech/

-----

-----
Test: tests/test_create_pickup_order.py::test_full_order (call)
Start time: 2025-02-24 22:45:02.578085
Start name method: complete_order

