
-----
Test: tests/test_create_delivery_order.py::test_full_order (call)
Start time: 2025-02-19 20:48:58.163879
Start name method: auth

End time: 2025-02-19 20:49:10.618834
End name method: auth
URL: https://lenta-angular-test13.dev.lenta.tech/

-----

-----
Test: tests/test_create_delivery_order.py::test_full_order (call)
Start time: 2025-02-19 20:49:10.619849
Start name method: choose_delivery

End time: 2025-02-19 20:49:10.801659
End name method: choose_delivery
URL: https://lenta-angular-test13.dev.lenta.tech/

-----

-----
Test: tests/test_create_delivery_order.py::test_full_order (call)
Start time: 2025-02-19 20:49:10.802684
Start name method: add_to_cart_favorite

End time: 2025-02-19 20:49:17.567162
End name method: add_to_cart_favorite
URL: https://lenta-angular-test13.dev.lenta.tech/my-account/favorites/

-----

-----
Test: tests/test_create_delivery_order.py::test_full_order (call)
Start time: 2025-02-19 20:49:17.568492
Start name method: complete_order

