
-----
Test: tests/test_create_delivery_order.py::test_full_order (call)
Start time: 2025-02-24 14:18:34.961025
Start name method: auth

End time: 2025-02-24 14:18:47.960727
End name method: auth
URL: https://lenta-angular-test13.dev.lenta.tech/

-----

-----
Test: tests/test_create_delivery_order.py::test_full_order (call)
Start time: 2025-02-24 14:18:47.960727
Start name method: choose_delivery

End time: 2025-02-24 14:18:48.234047
End name method: choose_delivery
URL: https://lenta-angular-test13.dev.lenta.tech/

-----

-----
Test: tests/test_create_delivery_order.py::test_full_order (call)
Start time: 2025-02-24 14:18:48.234047
Start name method: add_to_cart_search

End time: 2025-02-24 14:18:54.552910
End name method: add_to_cart_search
URL: https://lenta-angular-test13.dev.lenta.tech/

-----

-----
Test: tests/test_create_delivery_order.py::test_full_order (call)
Start time: 2025-02-24 14:18:54.553195
Start name method: complete_order

