
-----
Test: tests/test_create_delivery_order.py::test_full_order (call)
Start time: 2025-02-24 11:03:02.031056
Start name method: auth

End time: 2025-02-24 11:03:14.952828
End name method: auth
URL: https://lenta-angular-test13.dev.lenta.tech/

-----

-----
Test: tests/test_create_delivery_order.py::test_full_order (call)
Start time: 2025-02-24 11:03:14.952828
Start name method: choose_delivery

End time: 2025-02-24 11:03:15.282756
End name method: choose_delivery
URL: https://lenta-angular-test13.dev.lenta.tech/

-----

-----
Test: tests/test_create_delivery_order.py::test_full_order (call)
Start time: 2025-02-24 11:03:15.282756
Start name method: add_to_cart_search

