
-----
Test: tests/test_create_delivery_order.py::test_full_order (call)
Start time: 2025-02-19 23:06:02.236879
Start name method: auth

End time: 2025-02-19 23:06:13.723419
End name method: auth
URL: https://lenta-angular-test13.dev.lenta.tech/

-----

-----
Test: tests/test_create_delivery_order.py::test_full_order (call)
Start time: 2025-02-19 23:06:13.724436
Start name method: choose_delivery

End time: 2025-02-19 23:06:13.871135
End name method: choose_delivery
URL: https://lenta-angular-test13.dev.lenta.tech/

-----

-----
Test: tests/test_create_delivery_order.py::test_full_order (call)
Start time: 2025-02-19 23:06:13.872159
Start name method: add_to_cart_favorite

End time: 2025-02-19 23:06:19.908241
End name method: add_to_cart_favorite
URL: https://lenta-angular-test13.dev.lenta.tech/my-account/favorites/

-----

-----
Test: tests/test_create_delivery_order.py::test_full_order (call)
Start time: 2025-02-19 23:06:19.909240
Start name method: complete_order

End time: 2025-02-19 23:06:52.241762
End name method: complete_order
URL: https://lenta-angular-test13.dev.lenta.tech/ordering/thanks/success/?index=3&order=098443476881&isRecurrent=true

-----
End time: 2025-02-19 23:06:52.289858
End name method: auth_dash
URL: https://lenta-angular-test13.dev.lenta.tech/ordering/thanks/success/?index=3&order=098443476881&isRecurrent=true

-----
End time: 2025-02-19 23:07:19.352835
End name method: finish_order
URL: https://lenta-site-test13.dev.lenta.tech/call/center

-----
