
-----
Test: tests/test_create_delivery_order.py::test_full_order (call)
Start time: 2025-02-24 14:11:12.534628
Start name method: auth

End time: 2025-02-24 14:11:26.826387
End name method: auth
URL: https://lenta-angular-test13.dev.lenta.tech/

-----

-----
Test: tests/test_create_delivery_order.py::test_full_order (call)
Start time: 2025-02-24 14:11:26.829422
Start name method: choose_delivery

End time: 2025-02-24 14:11:27.241114
End name method: choose_delivery
URL: https://lenta-angular-test13.dev.lenta.tech/

-----

-----
Test: tests/test_create_delivery_order.py::test_full_order (call)
Start time: 2025-02-24 14:11:27.243064
Start name method: add_to_cart_search

End time: 2025-02-24 14:11:28.131857
End name method: add_to_cart_search
URL: https://lenta-angular-test13.dev.lenta.tech/

-----

-----
Test: tests/test_create_delivery_order.py::test_full_order (call)
Start time: 2025-02-24 14:11:28.137686
Start name method: complete_order

End time: 2025-02-24 14:12:18.193490
End name method: complete_order
URL: https://lenta-angular-test13.dev.lenta.tech/ordering/thanks/success/?index=3&order=098443477434&isRecurrent=true

-----
End time: 2025-02-24 14:12:18.321463
End name method: auth_dash
URL: https://lenta-angular-test13.dev.lenta.tech/ordering/thanks/success/?index=3&order=098443477434&isRecurrent=true

-----
End time: 2025-02-24 14:13:01.296086
End name method: finish_order
URL: https://lenta-site-test13.dev.lenta.tech/call/center

-----
