
-----
Test: tests/test_create_delivery_order.py::test_full_order (call)
Start time: 2025-02-24 13:01:33.951685
Start name method: auth

End time: 2025-02-24 13:01:45.601252
End name method: auth
URL: https://lenta-angular-test13.dev.lenta.tech/

-----

-----
Test: tests/test_create_delivery_order.py::test_full_order (call)
Start time: 2025-02-24 13:01:45.604303
Start name method: choose_delivery

End time: 2025-02-24 13:01:45.909977
End name method: choose_delivery
URL: https://lenta-angular-test13.dev.lenta.tech/

-----

-----
Test: tests/test_create_delivery_order.py::test_full_order (call)
Start time: 2025-02-24 13:01:45.910970
Start name method: add_to_cart_search

