
-----
Test: tests/test_create_delivery_order.py::test_full_order (call)
Start time: 2025-02-24 13:35:01.667312
Start name method: auth

End time: 2025-02-24 13:35:24.371060
End name method: auth
URL: https://lenta-angular-test13.dev.lenta.tech/

-----

-----
Test: tests/test_create_delivery_order.py::test_full_order (call)
Start time: 2025-02-24 13:35:24.374059
Start name method: choose_delivery

End time: 2025-02-24 13:35:24.969808
End name method: choose_delivery
URL: https://lenta-angular-test13.dev.lenta.tech/

-----

-----
Test: tests/test_create_delivery_order.py::test_full_order (call)
Start time: 2025-02-24 13:35:24.971798
Start name method: add_to_cart_search

