
-----
Test: tests/test_create_pickup_order.py::test_full_order (call)
Start time: 2025-02-24 15:22:49.785446
Start name method: auth

End time: 2025-02-24 15:23:23.640229
End name method: auth
URL: https://lenta-angular-test13.dev.lenta.tech/

-----

-----
Test: tests/test_create_pickup_order.py::test_full_order (call)
Start time: 2025-02-24 15:23:23.643258
Start name method: add_to_cart_search

End time: 2025-02-24 15:23:29.959999
End name method: add_to_cart_search
URL: https://lenta-angular-test13.dev.lenta.tech/

-----

-----
Test: tests/test_create_pickup_order.py::test_full_order (call)
Start time: 2025-02-24 15:23:29.960998
Start name method: complete_order

